<?xml version="1.0" encoding="UTF-8"?>
<testsuite name="car.RentCompanyTest" tests="1" skipped="0" failures="0" errors="0" timestamp="2022-08-03T08:31:23" hostname="Aaronui-MacBookPro.local" time="0.099">
  <properties/>
  <testcase name="report()" classname="car.RentCompanyTest" time="0.099"/>
  <system-out><![CDATA[]]></system-out>
  <system-err><![CDATA[]]></system-err>
</testsuite>
